2025-11-09 08:47:25,130 - __main__ - INFO - Quotex client initialized successfully.
2025-11-09 08:47:27,203 - __main__ - INFO - Quotex client initialized successfully.
2025-11-09 08:47:46,798 - __main__ - INFO - Quotex client initialized successfully.
2025-11-09 08:47:49,824 - __main__ - INFO - Establishing connection...
2025-11-09 08:47:49,825 - __main__ - INFO - Attempting to connect to Quotex API...
2025-11-09 08:47:53,839 - __main__ - CRITICAL - Unexpected error occurred during command execution: Expecting value: line 1 column 1 (char 0)
Traceback (most recent call last):
  File "C:\Users\User\pyquotex\app.py", line 595, in main
    await cli.get_realtime_price(args.asset)
  File "C:\Users\User\pyquotex\app.py", line 88, in wrapper
    check, reason = await self._connect_with_retry(max_attempts)
                    ^^^^^^^^^^^^^^^^^^^^^^^^^^^^^^^^^^^^^^^^^^^^
  File "C:\Users\User\pyquotex\app.py", line 131, in _connect_with_retry
    check, reason = await self.client.connect()
                    ^^^^^^^^^^^^^^^^^^^^^^^^^^^
  File "C:\Users\User\pyquotex\pyquotex\stable_api.py", line 234, in connect
    await self.api.authenticate()
  File "C:\Users\User\pyquotex\pyquotex\api.py", line 439, in authenticate
    status, msg = await login(
                  ^^^^^^^^^^^^
    ...<3 lines>...
    )
    ^
  File "C:\Users\User\pyquotex\pyquotex\http\login.py", line 171, in __call__
    self.get_profile()
    ~~~~~~~~~~~~~~~~^^
  File "C:\Users\User\pyquotex\pyquotex\http\login.py", line 91, in get_profile
    self.ssid = json.loads(match).get("token")
                ~~~~~~~~~~^^^^^^^
  File "C:\Users\User\AppData\Local\Python\pythoncore-3.14-64\Lib\json\__init__.py", line 346, in loads
    return _default_decoder.decode(s)
           ~~~~~~~~~~~~~~~~~~~~~~~^^^
  File "C:\Users\User\AppData\Local\Python\pythoncore-3.14-64\Lib\json\decoder.py", line 345, in decode
    obj, end = self.raw_decode(s, idx=_w(s, 0).end())
               ~~~~~~~~~~~~~~~^^^^^^^^^^^^^^^^^^^^^^^
  File "C:\Users\User\AppData\Local\Python\pythoncore-3.14-64\Lib\json\decoder.py", line 363, in raw_decode
    raise JSONDecodeError("Expecting value", s, err.value) from None
json.decoder.JSONDecodeError: Expecting value: line 1 column 1 (char 0)
2025-11-09 08:51:15,353 - __main__ - INFO - Quotex client initialized successfully.
2025-11-09 08:51:18,366 - __main__ - INFO - Establishing connection...
2025-11-09 08:51:18,368 - __main__ - INFO - Attempting to connect to Quotex API...
2025-11-09 08:51:26,720 - websocket - INFO - Websocket connected
2025-11-09 08:51:26,769 - pyquotex.ws.client - INFO - Websocket client connected.
2025-11-09 08:51:36,060 - pyquotex.api - INFO - Closing websocket connection...
2025-11-09 08:51:40,152 - websocket - INFO - Websocket connected
2025-11-09 08:51:40,218 - pyquotex.ws.client - INFO - Websocket client connected.
2025-11-09 08:51:41,467 - __main__ - INFO - CLI operation interrupted by user.
2025-11-09 08:57:33,666 - __main__ - INFO - Quotex client initialized successfully.
2025-11-09 08:57:36,675 - __main__ - INFO - Establishing connection...
2025-11-09 08:57:36,676 - __main__ - INFO - Attempting to connect to Quotex API...
2025-11-09 08:57:46,556 - websocket - INFO - Websocket connected
2025-11-09 08:57:46,611 - pyquotex.ws.client - INFO - Websocket client connected.
2025-11-09 08:57:56,348 - pyquotex.api - INFO - Closing websocket connection...
2025-11-09 08:58:00,876 - websocket - INFO - Websocket connected
2025-11-09 08:58:00,944 - pyquotex.ws.client - INFO - Websocket client connected.
2025-11-09 08:58:34,594 - websocket - DEBUG - Sending ping
2025-11-09 08:58:48,937 - websocket - DEBUG - Sending ping
2025-11-09 08:58:49,770 - __main__ - INFO - CLI operation interrupted by user.
2025-11-09 09:01:45,298 - __main__ - INFO - Quotex client initialized successfully.
2025-11-09 09:01:48,333 - __main__ - INFO - Establishing connection...
2025-11-09 09:01:48,338 - __main__ - INFO - Attempting to connect to Quotex API...
2025-11-09 09:01:53,622 - websocket - INFO - Websocket connected
2025-11-09 09:01:53,685 - pyquotex.ws.client - INFO - Websocket client connected.
2025-11-09 09:01:56,722 - __main__ - INFO - Connected successfully: Websocket connected successfully!!!
2025-11-09 09:01:56,725 - __main__ - INFO - Getting real-time price for EURJPY_otc.
2025-11-09 09:01:56,726 - __main__ - INFO - Asset EURJPY_otc is open. Starting real-time price monitoring.
2025-11-09 09:02:41,692 - websocket - DEBUG - Sending ping
2025-11-09 09:03:05,697 - websocket - DEBUG - Sending ping
2025-11-09 09:03:42,249 - __main__ - INFO - Quotex client initialized successfully.
2025-11-09 09:03:45,262 - __main__ - INFO - Establishing connection...
2025-11-09 09:03:45,262 - __main__ - INFO - Attempting to connect to Quotex API...
2025-11-09 09:03:47,168 - websocket - INFO - Websocket connected
2025-11-09 09:03:47,240 - pyquotex.ws.client - INFO - Websocket client connected.
2025-11-09 09:03:50,276 - __main__ - INFO - Connected successfully: Websocket connected successfully!!!
2025-11-09 09:03:50,277 - __main__ - INFO - Getting account balance.
2025-11-09 09:03:50,279 - __main__ - INFO - Current balance: 449.6
2025-11-09 09:03:52,531 - pyquotex.ws.client - INFO - Websocket connection closed.
2025-11-09 09:12:34,633 - __main__ - INFO - Quotex client initialized successfully.
2025-11-09 09:13:04,494 - __main__ - INFO - Quotex client initialized successfully.
2025-11-09 09:13:07,512 - __main__ - INFO - Establishing connection...
2025-11-09 09:13:07,514 - __main__ - INFO - Attempting to connect to Quotex API...
2025-11-09 09:13:09,111 - websocket - INFO - Websocket connected
2025-11-09 09:13:09,158 - pyquotex.ws.client - INFO - Websocket client connected.
2025-11-09 09:13:12,196 - __main__ - INFO - Connected successfully: Websocket connected successfully!!!
2025-11-09 09:13:12,199 - __main__ - INFO - Executing simple buy: 100.0 on EURUSD_otc in call direction for 60s.
2025-11-09 09:13:12,200 - __main__ - INFO - Asset EURUSD_otc is open.
2025-11-09 09:13:13,714 - __main__ - INFO - Buy successful: {'id': '4b50474b-5998-45fd-8498-9e374cf00dd9', 'openTime': '2025-11-09 03:13:13', 'closeTime': '2025-11-09 03:14:13', 'openTimestamp': 1762657993, 'closeTimestamp': 1762658053, 'uid': 68562388, 'isDemo': 1, 'tournamentId': 0, 'amount': 100, 'purchaseTime': 1762658023, 'profit': 85, 'percentProfit': 85, 'percentLoss': 100, 'openPrice': 1.15576, 'copyTicket': '', 'closePrice': 0, 'command': 0, 'asset': 'EURUSD_otc', 'nickname': '#68562388', 'accountBalance': 449.6, 'requestId': 1762657992, 'openMs': 588, 'currency': 'USD'}
2025-11-09 09:13:13,718 - __main__ - INFO - Current balance: 449.6
2025-11-09 09:13:15,962 - pyquotex.ws.client - INFO - Websocket connection closed.
2025-11-09 09:49:47,068 - __main__ - INFO - Quotex client initialized successfully.
2025-11-09 09:49:59,906 - __main__ - INFO - Quotex client initialized successfully.
2025-11-09 09:50:02,920 - __main__ - INFO - Establishing connection...
2025-11-09 09:50:02,921 - __main__ - INFO - Attempting to connect to Quotex API...
2025-11-09 09:50:07,805 - websocket - INFO - Websocket connected
2025-11-09 09:50:07,891 - pyquotex.ws.client - INFO - Websocket client connected.
2025-11-09 09:50:10,936 - __main__ - INFO - Connected successfully: Websocket connected successfully!!!
2025-11-09 09:50:10,938 - __main__ - INFO - Getting real-time price for EURJPY_otc.
2025-11-09 09:50:10,939 - __main__ - INFO - Asset EURJPY_otc is open. Starting real-time price monitoring.
2025-11-09 09:50:55,876 - websocket - DEBUG - Sending ping
2025-11-09 09:51:19,887 - websocket - DEBUG - Sending ping
2025-11-09 09:51:43,893 - websocket - DEBUG - Sending ping
2025-11-09 09:52:07,909 - websocket - DEBUG - Sending ping
2025-11-09 09:52:31,922 - websocket - DEBUG - Sending ping
2025-11-09 09:52:55,939 - websocket - DEBUG - Sending ping
2025-11-09 09:53:19,939 - websocket - DEBUG - Sending ping
2025-11-09 09:53:43,956 - websocket - DEBUG - Sending ping
2025-11-09 09:54:04,048 - __main__ - INFO - Quotex client initialized successfully.
2025-11-09 09:54:58,269 - __main__ - INFO - Quotex client initialized successfully.
2025-11-09 09:55:01,292 - __main__ - INFO - Establishing connection...
2025-11-09 09:55:01,293 - __main__ - INFO - Attempting to connect to Quotex API...
2025-11-09 09:55:13,005 - pyquotex.ws.client - ERROR - Handshake status 525 None -+-+- {'date': 'Sun, 09 Nov 2025 03:55:12 GMT', 'content-type': 'text/plain; charset=UTF-8', 'content-length': '15', 'connection': 'keep-alive', 'x-frame-options': 'SAMEORIGIN', 'referrer-policy': 'same-origin', 'cache-control': 'private, max-age=0, no-store, no-cache, must-revalidate, post-check=0, pre-check=0', 'expires': 'Thu, 01 Jan 1970 00:00:01 GMT', 'set-cookie': '_cfuvid=1rPvTg.uk_QXfg.GoaKsmG6N.JUD_7LgHObCwW_.BiM-1762660512676-0.0.1.1-604800000; path=/; domain=.qxbroker.com; HttpOnly; Secure; SameSite=None', 'server': 'cloudflare', 'cf-ray': '99ba5f4ccd8bba5f-DAC'} -+-+- b'error code: 525'
2025-11-09 09:55:13,020 - websocket - INFO - Handshake status 525 None -+-+- {'date': 'Sun, 09 Nov 2025 03:55:12 GMT', 'content-type': 'text/plain; charset=UTF-8', 'content-length': '15', 'connection': 'keep-alive', 'x-frame-options': 'SAMEORIGIN', 'referrer-policy': 'same-origin', 'cache-control': 'private, max-age=0, no-store, no-cache, must-revalidate, post-check=0, pre-check=0', 'expires': 'Thu, 01 Jan 1970 00:00:01 GMT', 'set-cookie': '_cfuvid=1rPvTg.uk_QXfg.GoaKsmG6N.JUD_7LgHObCwW_.BiM-1762660512676-0.0.1.1-604800000; path=/; domain=.qxbroker.com; HttpOnly; Secure; SameSite=None', 'server': 'cloudflare', 'cf-ray': '99ba5f4ccd8bba5f-DAC'} -+-+- b'error code: 525' - reconnect
2025-11-09 09:55:13,159 - websocket - DEBUG - Calling dispatcher reconnect [4 frames in stack]
2025-11-09 09:55:13,196 - websocket - INFO - reconnect() - retrying in 5 seconds [5 frames in stack]
2025-11-09 09:55:26,444 - pyquotex.ws.client - ERROR - Handshake status 525 None -+-+- {'date': 'Sun, 09 Nov 2025 03:55:26 GMT', 'content-type': 'text/plain; charset=UTF-8', 'content-length': '15', 'connection': 'keep-alive', 'x-frame-options': 'SAMEORIGIN', 'referrer-policy': 'same-origin', 'cache-control': 'private, max-age=0, no-store, no-cache, must-revalidate, post-check=0, pre-check=0', 'expires': 'Thu, 01 Jan 1970 00:00:01 GMT', 'set-cookie': '_cfuvid=YN5py0NUDYPnDolEDIRzr8EEaC.TcDrziVuQE35AhmI-1762660526314-0.0.1.1-604800000; path=/; domain=.qxbroker.com; HttpOnly; Secure; SameSite=None', 'server': 'cloudflare', 'cf-ray': '99ba5fa22f65ba53-DAC'} -+-+- b'error code: 525'
2025-11-09 09:55:26,484 - websocket - INFO - Handshake status 525 None -+-+- {'date': 'Sun, 09 Nov 2025 03:55:26 GMT', 'content-type': 'text/plain; charset=UTF-8', 'content-length': '15', 'connection': 'keep-alive', 'x-frame-options': 'SAMEORIGIN', 'referrer-policy': 'same-origin', 'cache-control': 'private, max-age=0, no-store, no-cache, must-revalidate, post-check=0, pre-check=0', 'expires': 'Thu, 01 Jan 1970 00:00:01 GMT', 'set-cookie': '_cfuvid=YN5py0NUDYPnDolEDIRzr8EEaC.TcDrziVuQE35AhmI-1762660526314-0.0.1.1-604800000; path=/; domain=.qxbroker.com; HttpOnly; Secure; SameSite=None', 'server': 'cloudflare', 'cf-ray': '99ba5fa22f65ba53-DAC'} -+-+- b'error code: 525' - reconnect
2025-11-09 09:55:26,484 - websocket - DEBUG - Calling dispatcher reconnect [4 frames in stack]
2025-11-09 09:55:26,485 - websocket - INFO - reconnect() - retrying in 5 seconds [5 frames in stack]
2025-11-09 09:55:28,591 - websocket - INFO - Handshake status 525 None -+-+- {'date': 'Sun, 09 Nov 2025 03:55:28 GMT', 'content-type': 'text/plain; charset=UTF-8', 'content-length': '15', 'connection': 'keep-alive', 'x-frame-options': 'SAMEORIGIN', 'referrer-policy': 'same-origin', 'cache-control': 'private, max-age=0, no-store, no-cache, must-revalidate, post-check=0, pre-check=0', 'expires': 'Thu, 01 Jan 1970 00:00:01 GMT', 'set-cookie': '_cfuvid=TEmUB59TyKZe_1G4MLAFFJ22YrhnXYzcu2HWVidveP0-1762660528956-0.0.1.1-604800000; path=/; domain=.qxbroker.com; HttpOnly; Secure; SameSite=None', 'server': 'cloudflare', 'cf-ray': '99ba5fb29d02f257-DAC'} -+-+- b'error code: 525' - reconnect
2025-11-09 09:55:28,592 - websocket - DEBUG - Calling dispatcher reconnect [4 frames in stack]
2025-11-09 09:55:28,592 - websocket - INFO - reconnect() - retrying in 5 seconds [5 frames in stack]
2025-11-09 09:55:30,121 - websocket - INFO - Websocket connected
2025-11-09 09:55:30,187 - pyquotex.ws.client - INFO - Websocket client connected.
2025-11-09 09:55:33,229 - __main__ - INFO - Connected successfully: Websocket connected successfully!!!
2025-11-09 09:55:33,230 - __main__ - INFO - Fetching last 50 candles for GBPUSD_otc at period 60s (offset=3000).
2025-11-09 09:55:34,137 - websocket - INFO - Websocket connected
2025-11-09 09:55:34,138 - pyquotex.ws.client - INFO - Websocket client connected.
2025-11-09 09:55:35,246 - __main__ - INFO - Getting candles for GBPUSD_otc with period of 60s.
2025-11-09 09:55:35,802 - __main__ - INFO - Retrieved 199 candles.
2025-11-09 09:55:38,115 - pyquotex.ws.client - INFO - Websocket connection closed.
2025-11-09 09:57:25,111 - __main__ - INFO - Quotex client initialized successfully.
2025-11-09 09:57:28,130 - __main__ - INFO - Establishing connection...
2025-11-09 09:57:28,131 - __main__ - INFO - Attempting to connect to Quotex API...
2025-11-09 09:57:39,491 - pyquotex.ws.client - ERROR - Handshake status 525 None -+-+- {'date': 'Sun, 09 Nov 2025 03:57:39 GMT', 'content-type': 'text/plain; charset=UTF-8', 'content-length': '15', 'connection': 'keep-alive', 'x-frame-options': 'SAMEORIGIN', 'referrer-policy': 'same-origin', 'cache-control': 'private, max-age=0, no-store, no-cache, must-revalidate, post-check=0, pre-check=0', 'expires': 'Thu, 01 Jan 1970 00:00:01 GMT', 'set-cookie': '_cfuvid=7nK2oVkQh_XxhdAdVLIGOIEivyEdY2rt8WiM5G7rsM4-1762660659452-0.0.1.1-604800000; path=/; domain=.qxbroker.com; HttpOnly; Secure; SameSite=None', 'server': 'cloudflare', 'cf-ray': '99ba62e24d3671f4-DAC'} -+-+- b'error code: 525'
2025-11-09 09:57:39,507 - websocket - INFO - Handshake status 525 None -+-+- {'date': 'Sun, 09 Nov 2025 03:57:39 GMT', 'content-type': 'text/plain; charset=UTF-8', 'content-length': '15', 'connection': 'keep-alive', 'x-frame-options': 'SAMEORIGIN', 'referrer-policy': 'same-origin', 'cache-control': 'private, max-age=0, no-store, no-cache, must-revalidate, post-check=0, pre-check=0', 'expires': 'Thu, 01 Jan 1970 00:00:01 GMT', 'set-cookie': '_cfuvid=7nK2oVkQh_XxhdAdVLIGOIEivyEdY2rt8WiM5G7rsM4-1762660659452-0.0.1.1-604800000; path=/; domain=.qxbroker.com; HttpOnly; Secure; SameSite=None', 'server': 'cloudflare', 'cf-ray': '99ba62e24d3671f4-DAC'} -+-+- b'error code: 525' - reconnect
2025-11-09 09:57:39,568 - websocket - DEBUG - Calling dispatcher reconnect [4 frames in stack]
2025-11-09 09:57:39,568 - websocket - INFO - reconnect() - retrying in 5 seconds [5 frames in stack]
2025-11-09 09:57:45,828 - websocket - INFO - Websocket connected
2025-11-09 09:57:45,890 - pyquotex.ws.client - INFO - Websocket client connected.
2025-11-09 09:57:52,463 - pyquotex.ws.client - ERROR - Handshake status 525 None -+-+- {'date': 'Sun, 09 Nov 2025 03:57:52 GMT', 'content-type': 'text/plain; charset=UTF-8', 'content-length': '15', 'connection': 'keep-alive', 'x-frame-options': 'SAMEORIGIN', 'referrer-policy': 'same-origin', 'cache-control': 'private, max-age=0, no-store, no-cache, must-revalidate, post-check=0, pre-check=0', 'expires': 'Thu, 01 Jan 1970 00:00:01 GMT', 'set-cookie': '_cfuvid=r2FvTAwGuiTGD5HSOUe9UiXS33yxSppxJckFEEV2.Ak-1762660672829-0.0.1.1-604800000; path=/; domain=.qxbroker.com; HttpOnly; Secure; SameSite=None', 'server': 'cloudflare', 'cf-ray': '99ba6335af13e87e-DAC'} -+-+- b'error code: 525'
2025-11-09 09:57:52,465 - websocket - INFO - Handshake status 525 None -+-+- {'date': 'Sun, 09 Nov 2025 03:57:52 GMT', 'content-type': 'text/plain; charset=UTF-8', 'content-length': '15', 'connection': 'keep-alive', 'x-frame-options': 'SAMEORIGIN', 'referrer-policy': 'same-origin', 'cache-control': 'private, max-age=0, no-store, no-cache, must-revalidate, post-check=0, pre-check=0', 'expires': 'Thu, 01 Jan 1970 00:00:01 GMT', 'set-cookie': '_cfuvid=r2FvTAwGuiTGD5HSOUe9UiXS33yxSppxJckFEEV2.Ak-1762660672829-0.0.1.1-604800000; path=/; domain=.qxbroker.com; HttpOnly; Secure; SameSite=None', 'server': 'cloudflare', 'cf-ray': '99ba6335af13e87e-DAC'} -+-+- b'error code: 525' - reconnect
2025-11-09 09:57:52,466 - websocket - DEBUG - Calling dispatcher reconnect [4 frames in stack]
2025-11-09 09:57:52,468 - websocket - INFO - reconnect() - retrying in 5 seconds [5 frames in stack]
2025-11-09 09:57:57,962 - websocket - INFO - Websocket connected
2025-11-09 09:57:57,964 - pyquotex.ws.client - INFO - Websocket client connected.
2025-11-09 09:58:02,348 - __main__ - INFO - Connected successfully: Websocket connected successfully!!!
2025-11-09 09:58:02,349 - __main__ - INFO - Getting candles for GBPUSD_otc with period of 60s.
2025-11-09 09:58:03,015 - __main__ - INFO - Retrieved 199 candles.
2025-11-09 09:58:05,468 - pyquotex.ws.client - INFO - Websocket connection closed.
2025-11-09 10:00:24,332 - __main__ - INFO - Quotex client initialized successfully.
2025-11-09 10:00:27,348 - __main__ - INFO - Establishing connection...
2025-11-09 10:00:27,349 - __main__ - INFO - Attempting to connect to Quotex API...
2025-11-09 10:00:39,159 - pyquotex.ws.client - ERROR - Handshake status 525 None -+-+- {'date': 'Sun, 09 Nov 2025 04:00:38 GMT', 'content-type': 'text/plain; charset=UTF-8', 'content-length': '15', 'connection': 'keep-alive', 'x-frame-options': 'SAMEORIGIN', 'referrer-policy': 'same-origin', 'cache-control': 'private, max-age=0, no-store, no-cache, must-revalidate, post-check=0, pre-check=0', 'expires': 'Thu, 01 Jan 1970 00:00:01 GMT', 'set-cookie': '_cfuvid=wK5oE6fbK2UfwYvqRhuSUt8fTExVlgXcWil0ifrZcr0-1762660838792-0.0.1.1-604800000; path=/; domain=.qxbroker.com; HttpOnly; Secure; SameSite=None', 'server': 'cloudflare', 'cf-ray': '99ba6742eac5ba55-DAC'} -+-+- b'error code: 525'
2025-11-09 10:00:39,175 - websocket - INFO - Handshake status 525 None -+-+- {'date': 'Sun, 09 Nov 2025 04:00:38 GMT', 'content-type': 'text/plain; charset=UTF-8', 'content-length': '15', 'connection': 'keep-alive', 'x-frame-options': 'SAMEORIGIN', 'referrer-policy': 'same-origin', 'cache-control': 'private, max-age=0, no-store, no-cache, must-revalidate, post-check=0, pre-check=0', 'expires': 'Thu, 01 Jan 1970 00:00:01 GMT', 'set-cookie': '_cfuvid=wK5oE6fbK2UfwYvqRhuSUt8fTExVlgXcWil0ifrZcr0-1762660838792-0.0.1.1-604800000; path=/; domain=.qxbroker.com; HttpOnly; Secure; SameSite=None', 'server': 'cloudflare', 'cf-ray': '99ba6742eac5ba55-DAC'} -+-+- b'error code: 525' - reconnect
2025-11-09 10:00:39,234 - websocket - DEBUG - Calling dispatcher reconnect [4 frames in stack]
2025-11-09 10:00:39,237 - websocket - INFO - reconnect() - retrying in 5 seconds [5 frames in stack]
2025-11-09 10:00:52,510 - pyquotex.ws.client - ERROR - Handshake status 525 None -+-+- {'date': 'Sun, 09 Nov 2025 04:00:52 GMT', 'content-type': 'text/plain; charset=UTF-8', 'content-length': '15', 'connection': 'keep-alive', 'x-frame-options': 'SAMEORIGIN', 'referrer-policy': 'same-origin', 'cache-control': 'private, max-age=0, no-store, no-cache, must-revalidate, post-check=0, pre-check=0', 'expires': 'Thu, 01 Jan 1970 00:00:01 GMT', 'set-cookie': '_cfuvid=eR8F99LTufbnKzUDXkrswt39PfoyqmN.jeX4kBSn5e8-1762660852485-0.0.1.1-604800000; path=/; domain=.qxbroker.com; HttpOnly; Secure; SameSite=None', 'server': 'cloudflare', 'cf-ray': '99ba6798dc5c5942-DAC'} -+-+- b'error code: 525'
2025-11-09 10:00:52,534 - websocket - INFO - Handshake status 525 None -+-+- {'date': 'Sun, 09 Nov 2025 04:00:52 GMT', 'content-type': 'text/plain; charset=UTF-8', 'content-length': '15', 'connection': 'keep-alive', 'x-frame-options': 'SAMEORIGIN', 'referrer-policy': 'same-origin', 'cache-control': 'private, max-age=0, no-store, no-cache, must-revalidate, post-check=0, pre-check=0', 'expires': 'Thu, 01 Jan 1970 00:00:01 GMT', 'set-cookie': '_cfuvid=eR8F99LTufbnKzUDXkrswt39PfoyqmN.jeX4kBSn5e8-1762660852485-0.0.1.1-604800000; path=/; domain=.qxbroker.com; HttpOnly; Secure; SameSite=None', 'server': 'cloudflare', 'cf-ray': '99ba6798dc5c5942-DAC'} -+-+- b'error code: 525' - reconnect
2025-11-09 10:00:52,536 - websocket - DEBUG - Calling dispatcher reconnect [4 frames in stack]
2025-11-09 10:00:52,537 - websocket - INFO - reconnect() - retrying in 5 seconds [5 frames in stack]
2025-11-09 10:00:54,628 - websocket - INFO - Handshake status 525 None -+-+- {'date': 'Sun, 09 Nov 2025 04:00:55 GMT', 'content-type': 'text/plain; charset=UTF-8', 'content-length': '15', 'connection': 'keep-alive', 'x-frame-options': 'SAMEORIGIN', 'referrer-policy': 'same-origin', 'cache-control': 'private, max-age=0, no-store, no-cache, must-revalidate, post-check=0, pre-check=0', 'expires': 'Thu, 01 Jan 1970 00:00:01 GMT', 'set-cookie': '_cfuvid=4edm70lt09OMYsU69xeckA6I4RfFSQynkFLFO2Z_jNM-1762660855010-0.0.1.1-604800000; path=/; domain=.qxbroker.com; HttpOnly; Secure; SameSite=None', 'server': 'cloudflare', 'cf-ray': '99ba67a81fddded3-DAC'} -+-+- b'error code: 525' - reconnect
2025-11-09 10:00:54,629 - websocket - DEBUG - Calling dispatcher reconnect [4 frames in stack]
2025-11-09 10:00:54,629 - websocket - INFO - reconnect() - retrying in 5 seconds [5 frames in stack]
2025-11-09 10:01:01,049 - websocket - INFO - Websocket connected
2025-11-09 10:01:01,097 - pyquotex.ws.client - INFO - Websocket client connected.
2025-11-09 10:01:05,383 - pyquotex.ws.client - ERROR - Handshake status 525 None -+-+- {'date': 'Sun, 09 Nov 2025 04:01:05 GMT', 'content-type': 'text/plain; charset=UTF-8', 'content-length': '15', 'connection': 'keep-alive', 'x-frame-options': 'SAMEORIGIN', 'referrer-policy': 'same-origin', 'cache-control': 'private, max-age=0, no-store, no-cache, must-revalidate, post-check=0, pre-check=0', 'expires': 'Thu, 01 Jan 1970 00:00:01 GMT', 'set-cookie': '_cfuvid=28Uiktt0AlBRe7HmaEDBA08JWNlIam0OfpJlqpAYBqY-1762660865810-0.0.1.1-604800000; path=/; domain=.qxbroker.com; HttpOnly; Secure; SameSite=None', 'server': 'cloudflare', 'cf-ray': '99ba67ebec680645-DAC'} -+-+- b'error code: 525'
2025-11-09 10:01:05,385 - websocket - INFO - Handshake status 525 None -+-+- {'date': 'Sun, 09 Nov 2025 04:01:05 GMT', 'content-type': 'text/plain; charset=UTF-8', 'content-length': '15', 'connection': 'keep-alive', 'x-frame-options': 'SAMEORIGIN', 'referrer-policy': 'same-origin', 'cache-control': 'private, max-age=0, no-store, no-cache, must-revalidate, post-check=0, pre-check=0', 'expires': 'Thu, 01 Jan 1970 00:00:01 GMT', 'set-cookie': '_cfuvid=28Uiktt0AlBRe7HmaEDBA08JWNlIam0OfpJlqpAYBqY-1762660865810-0.0.1.1-604800000; path=/; domain=.qxbroker.com; HttpOnly; Secure; SameSite=None', 'server': 'cloudflare', 'cf-ray': '99ba67ebec680645-DAC'} -+-+- b'error code: 525' - reconnect
2025-11-09 10:01:05,387 - websocket - DEBUG - Calling dispatcher reconnect [4 frames in stack]
2025-11-09 10:01:05,388 - websocket - INFO - reconnect() - retrying in 5 seconds [5 frames in stack]
2025-11-09 10:01:08,171 - websocket - INFO - Handshake status 525 None -+-+- {'date': 'Sun, 09 Nov 2025 04:01:08 GMT', 'content-type': 'text/plain; charset=UTF-8', 'content-length': '15', 'connection': 'keep-alive', 'x-frame-options': 'SAMEORIGIN', 'referrer-policy': 'same-origin', 'cache-control': 'private, max-age=0, no-store, no-cache, must-revalidate, post-check=0, pre-check=0', 'expires': 'Thu, 01 Jan 1970 00:00:01 GMT', 'set-cookie': '_cfuvid=sr84t2tO0Vn5_pota7ZuGP8dy3iq4Csg5ec9W9ynWh8-1762660868259-0.0.1.1-604800000; path=/; domain=.qxbroker.com; HttpOnly; Secure; SameSite=None', 'server': 'cloudflare', 'cf-ray': '99ba67fb6dcbba5c-DAC'} -+-+- b'error code: 525' - reconnect
2025-11-09 10:01:08,173 - websocket - DEBUG - Calling dispatcher reconnect [4 frames in stack]
2025-11-09 10:01:08,174 - websocket - INFO - reconnect() - retrying in 5 seconds [5 frames in stack]
2025-11-09 10:01:10,910 - websocket - INFO - Websocket connected
2025-11-09 10:01:10,912 - pyquotex.ws.client - INFO - Websocket client connected.
2025-11-09 10:01:16,804 - __main__ - INFO - Connected successfully: Websocket connected successfully!!!
2025-11-09 10:01:16,807 - __main__ - INFO - Getting candles for GBPUSD_otc with period of 60s.
2025-11-09 10:01:17,361 - __main__ - INFO - Retrieved 199 candles.
2025-11-09 10:01:19,820 - pyquotex.ws.client - INFO - Websocket connection closed.
2025-11-09 10:02:37,772 - __main__ - INFO - Quotex client initialized successfully.
2025-11-09 10:02:40,794 - __main__ - INFO - Establishing connection...
2025-11-09 10:02:40,795 - __main__ - INFO - Attempting to connect to Quotex API...
2025-11-09 10:02:42,980 - websocket - INFO - Websocket connected
2025-11-09 10:02:43,043 - pyquotex.ws.client - INFO - Websocket client connected.
2025-11-09 10:02:46,096 - __main__ - INFO - Connected successfully: Websocket connected successfully!!!
2025-11-09 10:02:46,097 - __main__ - INFO - Fetching last 1000 candles for EURUSD_otc at period 60s (offset=60000).
2025-11-09 10:02:48,112 - __main__ - INFO - Getting candles for EURUSD_otc with period of 60s.
2025-11-09 10:02:48,661 - __main__ - INFO - Retrieved 199 candles.
2025-11-09 10:02:50,955 - pyquotex.ws.client - INFO - Websocket connection closed.
2025-11-09 10:04:10,990 - __main__ - INFO - Quotex client initialized successfully.
2025-11-09 10:04:14,008 - __main__ - INFO - Establishing connection...
2025-11-09 10:04:14,009 - __main__ - INFO - Attempting to connect to Quotex API...
2025-11-09 10:04:16,341 - websocket - INFO - Websocket connected
2025-11-09 10:04:16,421 - pyquotex.ws.client - INFO - Websocket client connected.
2025-11-09 10:04:19,478 - __main__ - INFO - Connected successfully: Websocket connected successfully!!!
2025-11-09 10:04:19,479 - __main__ - INFO - Fetching last 199 candles for USDBDT_otc at period 60s (offset=11940).
2025-11-09 10:04:21,482 - __main__ - INFO - Getting candles for USDBDT_otc with period of 60s.
2025-11-09 10:04:22,042 - __main__ - INFO - Retrieved 199 candles.
2025-11-09 10:04:24,081 - pyquotex.ws.client - INFO - Websocket connection closed.
2025-11-13 10:20:56,779 - __main__ - INFO - Quotex client initialized successfully.
2025-11-13 10:21:21,780 - __main__ - INFO - Quotex client initialized successfully.
2025-11-13 10:21:24,795 - __main__ - INFO - Establishing connection...
2025-11-13 10:21:24,795 - __main__ - INFO - Attempting to connect to Quotex API...
2025-11-13 10:21:27,692 - websocket - INFO - Websocket connected
2025-11-13 10:21:27,751 - pyquotex.ws.client - INFO - Websocket client connected.
2025-11-13 10:21:28,581 - pyquotex.ws.client - INFO - Disconnection event triggered by the platform, causing automatic reconnection.
2025-11-13 10:21:28,582 - websocket - INFO - fin=1 opcode=8 data=b'' - reconnect
2025-11-13 10:21:28,989 - pyquotex.ws.client - ERROR - Connection to remote host was lost.
2025-11-13 10:21:28,990 - websocket - INFO - Connection to remote host was lost. - reconnect
2025-11-13 10:21:29,095 - websocket - DEBUG - Calling dispatcher reconnect [4 frames in stack]
2025-11-13 10:21:29,133 - websocket - INFO - reconnect() - retrying in 5 seconds [5 frames in stack]
2025-11-13 10:21:34,657 - websocket - INFO - Websocket connected
2025-11-13 10:21:34,658 - pyquotex.ws.client - INFO - Websocket client connected.
2025-11-13 10:21:41,675 - pyquotex.ws.client - ERROR - Handshake status 525 None -+-+- {'date': 'Thu, 13 Nov 2025 04:21:41 GMT', 'content-type': 'text/plain; charset=UTF-8', 'content-length': '15', 'connection': 'keep-alive', 'x-frame-options': 'SAMEORIGIN', 'referrer-policy': 'same-origin', 'cache-control': 'private, max-age=0, no-store, no-cache, must-revalidate, post-check=0, pre-check=0', 'expires': 'Thu, 01 Jan 1970 00:00:01 GMT', 'server': 'cloudflare', 'cf-ray': '99db7b96fa87e87e-DAC'} -+-+- b'error code: 525'
2025-11-13 10:21:41,676 - websocket - INFO - Handshake status 525 None -+-+- {'date': 'Thu, 13 Nov 2025 04:21:41 GMT', 'content-type': 'text/plain; charset=UTF-8', 'content-length': '15', 'connection': 'keep-alive', 'x-frame-options': 'SAMEORIGIN', 'referrer-policy': 'same-origin', 'cache-control': 'private, max-age=0, no-store, no-cache, must-revalidate, post-check=0, pre-check=0', 'expires': 'Thu, 01 Jan 1970 00:00:01 GMT', 'server': 'cloudflare', 'cf-ray': '99db7b96fa87e87e-DAC'} -+-+- b'error code: 525' - reconnect
2025-11-13 10:21:41,678 - websocket - DEBUG - Calling dispatcher reconnect [4 frames in stack]
2025-11-13 10:21:41,709 - websocket - INFO - reconnect() - retrying in 5 seconds [5 frames in stack]
2025-11-13 10:21:47,112 - pyquotex.api - INFO - Closing websocket connection...
2025-11-13 10:21:47,664 - websocket - INFO - Websocket connected
2025-11-13 10:21:47,665 - pyquotex.ws.client - INFO - Websocket client connected.
2025-11-13 10:21:53,076 - __main__ - INFO - Connected successfully: Websocket Token Rejected.
2025-11-13 10:21:53,078 - __main__ - INFO - Getting trading signal data.
2025-11-13 10:22:22,675 - websocket - DEBUG - Sending ping
2025-11-13 10:22:27,047 - websocket - INFO - Handshake status 525 None -+-+- {'date': 'Thu, 13 Nov 2025 04:22:26 GMT', 'content-type': 'text/plain; charset=UTF-8', 'content-length': '15', 'connection': 'keep-alive', 'x-frame-options': 'SAMEORIGIN', 'referrer-policy': 'same-origin', 'cache-control': 'private, max-age=0, no-store, no-cache, must-revalidate, post-check=0, pre-check=0', 'expires': 'Thu, 01 Jan 1970 00:00:01 GMT', 'server': 'cloudflare', 'cf-ray': '99db7bf6bf0eba56-DAC'} -+-+- b'error code: 525' - reconnect
2025-11-13 10:22:27,048 - websocket - DEBUG - Calling dispatcher reconnect [4 frames in stack]
2025-11-13 10:22:27,048 - websocket - INFO - reconnect() - retrying in 5 seconds [5 frames in stack]
2025-11-13 20:27:36,322 - __main__ - INFO - Quotex client initialized successfully.
2025-11-13 20:28:06,444 - __main__ - INFO - Quotex client initialized successfully.
2025-11-13 20:28:09,479 - __main__ - INFO - Establishing connection...
2025-11-13 20:28:09,480 - __main__ - INFO - Attempting to connect to Quotex API...
2025-11-13 20:28:21,513 - pyquotex.ws.client - ERROR - Handshake status 525 None -+-+- {'date': 'Thu, 13 Nov 2025 14:28:20 GMT', 'content-type': 'text/plain; charset=UTF-8', 'content-length': '15', 'connection': 'keep-alive', 'x-frame-options': 'SAMEORIGIN', 'referrer-policy': 'same-origin', 'cache-control': 'private, max-age=0, no-store, no-cache, must-revalidate, post-check=0, pre-check=0', 'expires': 'Thu, 01 Jan 1970 00:00:01 GMT', 'set-cookie': '_cfuvid=YgoGgEsjMmoEV4m8PGoJwDzZpBuY2lzL3R9p9EmOPeM-1763044100655-0.0.1.1-604800000; path=/; domain=.qxbroker.com; HttpOnly; Secure; SameSite=None', 'server': 'cloudflare', 'cf-ray': '99def43d68d3ded3-DAC'} -+-+- b'error code: 525'
2025-11-13 20:28:21,538 - websocket - INFO - Handshake status 525 None -+-+- {'date': 'Thu, 13 Nov 2025 14:28:20 GMT', 'content-type': 'text/plain; charset=UTF-8', 'content-length': '15', 'connection': 'keep-alive', 'x-frame-options': 'SAMEORIGIN', 'referrer-policy': 'same-origin', 'cache-control': 'private, max-age=0, no-store, no-cache, must-revalidate, post-check=0, pre-check=0', 'expires': 'Thu, 01 Jan 1970 00:00:01 GMT', 'set-cookie': '_cfuvid=YgoGgEsjMmoEV4m8PGoJwDzZpBuY2lzL3R9p9EmOPeM-1763044100655-0.0.1.1-604800000; path=/; domain=.qxbroker.com; HttpOnly; Secure; SameSite=None', 'server': 'cloudflare', 'cf-ray': '99def43d68d3ded3-DAC'} -+-+- b'error code: 525' - reconnect
2025-11-13 20:28:21,990 - websocket - DEBUG - Calling dispatcher reconnect [4 frames in stack]
2025-11-13 20:28:22,045 - websocket - INFO - reconnect() - retrying in 5 seconds [5 frames in stack]
2025-11-13 20:28:37,615 - websocket - INFO - Handshake status 525 None -+-+- {'date': 'Thu, 13 Nov 2025 14:28:36 GMT', 'content-type': 'text/plain; charset=UTF-8', 'content-length': '15', 'connection': 'keep-alive', 'x-frame-options': 'SAMEORIGIN', 'referrer-policy': 'same-origin', 'cache-control': 'private, max-age=0, no-store, no-cache, must-revalidate, post-check=0, pre-check=0', 'expires': 'Thu, 01 Jan 1970 00:00:01 GMT', 'set-cookie': '_cfuvid=_k7VpGBLX.EKn2pk8x087lIkQPfNKsxH4__TkwYwkXg-1763044116832-0.0.1.1-604800000; path=/; domain=.qxbroker.com; HttpOnly; Secure; SameSite=None', 'server': 'cloudflare', 'cf-ray': '99def4a27837ba59-DAC'} -+-+- b'error code: 525' - reconnect
2025-11-13 20:28:37,657 - websocket - DEBUG - Calling dispatcher reconnect [4 frames in stack]
2025-11-13 20:28:37,747 - websocket - INFO - reconnect() - retrying in 5 seconds [5 frames in stack]
2025-11-13 20:29:07,197 - pyquotex.ws.client - ERROR - Handshake status 525 None -+-+- {'date': 'Thu, 13 Nov 2025 14:29:05 GMT', 'content-type': 'text/plain; charset=UTF-8', 'content-length': '15', 'connection': 'keep-alive', 'x-frame-options': 'SAMEORIGIN', 'referrer-policy': 'same-origin', 'cache-control': 'private, max-age=0, no-store, no-cache, must-revalidate, post-check=0, pre-check=0', 'expires': 'Thu, 01 Jan 1970 00:00:01 GMT', 'set-cookie': '_cfuvid=grqoHB3lDKNwm2xYbuXSTT1WV_3J1DLp7pGAfZKbLuc-1763044145716-0.0.1.1-604800000; path=/; domain=.qxbroker.com; HttpOnly; Secure; SameSite=None', 'server': 'cloudflare', 'cf-ray': '99def499af7fba5f-DAC'} -+-+- b'error code: 525'
2025-11-13 20:29:07,212 - websocket - INFO - Handshake status 525 None -+-+- {'date': 'Thu, 13 Nov 2025 14:29:05 GMT', 'content-type': 'text/plain; charset=UTF-8', 'content-length': '15', 'connection': 'keep-alive', 'x-frame-options': 'SAMEORIGIN', 'referrer-policy': 'same-origin', 'cache-control': 'private, max-age=0, no-store, no-cache, must-revalidate, post-check=0, pre-check=0', 'expires': 'Thu, 01 Jan 1970 00:00:01 GMT', 'set-cookie': '_cfuvid=grqoHB3lDKNwm2xYbuXSTT1WV_3J1DLp7pGAfZKbLuc-1763044145716-0.0.1.1-604800000; path=/; domain=.qxbroker.com; HttpOnly; Secure; SameSite=None', 'server': 'cloudflare', 'cf-ray': '99def499af7fba5f-DAC'} -+-+- b'error code: 525' - reconnect
2025-11-13 20:29:07,213 - websocket - DEBUG - Calling dispatcher reconnect [4 frames in stack]
2025-11-13 20:29:07,213 - websocket - INFO - reconnect() - retrying in 5 seconds [5 frames in stack]
2025-11-13 20:29:11,191 - websocket - INFO - Websocket connected
2025-11-13 20:29:11,256 - pyquotex.ws.client - INFO - Websocket client connected.
2025-11-13 20:29:12,142 - pyquotex.ws.client - INFO - Disconnection event triggered by the platform, causing automatic reconnection.
2025-11-13 20:29:12,143 - websocket - INFO - fin=1 opcode=8 data=b'' - reconnect
2025-11-13 20:29:12,550 - pyquotex.ws.client - ERROR - Connection to remote host was lost.
2025-11-13 20:29:12,551 - websocket - INFO - Connection to remote host was lost. - reconnect
2025-11-13 20:29:12,552 - websocket - DEBUG - Calling dispatcher reconnect [4 frames in stack]
2025-11-13 20:29:12,554 - websocket - INFO - reconnect() - retrying in 5 seconds [5 frames in stack]
2025-11-13 20:29:12,749 - websocket - INFO - Websocket connected
2025-11-13 20:29:12,751 - pyquotex.ws.client - INFO - Websocket client connected.
2025-11-13 20:29:15,225 - pyquotex.api - INFO - Closing websocket connection...
2025-11-13 20:29:15,773 - websocket - INFO - Websocket connected
2025-11-13 20:29:15,774 - pyquotex.ws.client - INFO - Websocket client connected.
2025-11-13 20:29:18,101 - websocket - INFO - Websocket connected
2025-11-13 20:29:18,103 - pyquotex.ws.client - INFO - Websocket client connected.
2025-11-13 20:29:21,646 - __main__ - INFO - Connected successfully: Websocket Token Rejected.
2025-11-13 20:29:21,647 - __main__ - INFO - Getting real-time price for USDBDT_otc.
2025-11-13 20:29:21,648 - __main__ - INFO - Asset USDBDT_otc is open. Starting real-time price monitoring.
2025-11-13 20:29:24,554 - websocket - INFO - Handshake status 525 None -+-+- {'date': 'Thu, 13 Nov 2025 14:29:23 GMT', 'content-type': 'text/plain; charset=UTF-8', 'content-length': '15', 'connection': 'keep-alive', 'x-frame-options': 'SAMEORIGIN', 'referrer-policy': 'same-origin', 'cache-control': 'private, max-age=0, no-store, no-cache, must-revalidate, post-check=0, pre-check=0', 'expires': 'Thu, 01 Jan 1970 00:00:01 GMT', 'set-cookie': '_cfuvid=drWBjsI93H63rbA2n3m2Z6n7PHU8jUmg7fhDgcHoy9k-1763044163874-0.0.1.1-604800000; path=/; domain=.qxbroker.com; HttpOnly; Secure; SameSite=None', 'server': 'cloudflare', 'cf-ray': '99def50aed6dba4d-DAC'} -+-+- b'error code: 525' - reconnect
2025-11-13 20:29:24,557 - websocket - DEBUG - Calling dispatcher reconnect [4 frames in stack]
2025-11-13 20:29:24,559 - websocket - INFO - reconnect() - retrying in 5 seconds [5 frames in stack]
2025-11-13 20:29:30,082 - websocket - INFO - Websocket connected
2025-11-13 20:29:30,085 - pyquotex.ws.client - INFO - Websocket client connected.
2025-11-13 20:30:00,764 - websocket - DEBUG - Sending ping
2025-11-13 20:30:03,780 - websocket - DEBUG - Sending ping
2025-11-13 20:30:06,113 - websocket - DEBUG - Sending ping
2025-11-13 20:30:18,109 - websocket - DEBUG - Sending ping
2025-11-13 20:30:24,771 - websocket - DEBUG - Sending ping
2025-11-13 20:30:27,796 - websocket - DEBUG - Sending ping
2025-11-13 20:30:30,129 - websocket - DEBUG - Sending ping
2025-11-13 20:30:42,110 - websocket - DEBUG - Sending ping
2025-11-13 20:30:48,778 - websocket - DEBUG - Sending ping
2025-11-13 20:30:51,802 - websocket - DEBUG - Sending ping
2025-11-13 20:30:54,145 - websocket - DEBUG - Sending ping
2025-11-13 20:31:06,112 - websocket - DEBUG - Sending ping
2025-11-13 20:31:12,787 - websocket - DEBUG - Sending ping
2025-11-13 20:31:15,811 - websocket - DEBUG - Sending ping
2025-11-13 20:31:18,159 - websocket - DEBUG - Sending ping
2025-11-13 20:31:30,126 - websocket - DEBUG - Sending ping
2025-11-13 20:31:36,801 - websocket - DEBUG - Sending ping
2025-11-13 20:31:39,820 - websocket - DEBUG - Sending ping
2025-11-13 20:31:42,175 - websocket - DEBUG - Sending ping
2025-11-13 21:45:12,636 - __main__ - INFO - Quotex client initialized successfully.
2025-11-19 20:50:16,111 - __main__ - INFO - Quotex client initialized successfully.
2025-11-19 20:50:41,976 - __main__ - INFO - Quotex client initialized successfully.
2025-11-19 20:50:44,990 - __main__ - INFO - Establishing connection...
2025-11-19 20:50:44,992 - __main__ - INFO - Attempting to connect to Quotex API...
2025-11-19 20:50:46,890 - websocket - INFO - Websocket connected
2025-11-19 20:50:46,971 - pyquotex.ws.client - INFO - Websocket client connected.
2025-11-19 20:50:47,500 - pyquotex.ws.client - INFO - Disconnection event triggered by the platform, causing automatic reconnection.
2025-11-19 20:50:47,500 - websocket - INFO - fin=1 opcode=8 data=b'' - reconnect
2025-11-19 20:50:47,894 - pyquotex.ws.client - ERROR - Connection to remote host was lost.
2025-11-19 20:50:47,895 - websocket - INFO - Connection to remote host was lost. - reconnect
2025-11-19 20:50:47,962 - websocket - DEBUG - Calling dispatcher reconnect [4 frames in stack]
2025-11-19 20:50:47,976 - websocket - INFO - reconnect() - retrying in 5 seconds [5 frames in stack]
2025-11-19 20:50:50,636 - websocket - INFO - Websocket connected
2025-11-19 20:50:50,638 - pyquotex.ws.client - INFO - Websocket client connected.
2025-11-19 20:50:53,496 - websocket - INFO - Websocket connected
2025-11-19 20:50:53,498 - pyquotex.ws.client - INFO - Websocket client connected.
2025-11-19 20:50:55,953 - __main__ - INFO - Connected successfully: Websocket Token Rejected.
2025-11-19 20:50:55,954 - __main__ - INFO - Getting real-time price for USDBDT_otc.
2025-11-19 20:50:55,955 - __main__ - INFO - Asset USDBDT_otc is open. Starting real-time price monitoring.
2025-11-19 20:51:38,647 - websocket - DEBUG - Sending ping
2025-11-19 20:51:41,493 - websocket - DEBUG - Sending ping
2025-11-19 20:52:02,659 - websocket - DEBUG - Sending ping
2025-11-19 20:52:05,504 - websocket - DEBUG - Sending ping
2025-11-19 20:52:26,676 - websocket - DEBUG - Sending ping
2025-11-19 20:52:29,523 - websocket - DEBUG - Sending ping
2025-11-19 20:52:50,687 - websocket - DEBUG - Sending ping
2025-11-19 20:52:53,534 - websocket - DEBUG - Sending ping
2025-11-19 20:53:14,690 - websocket - DEBUG - Sending ping
2025-11-19 20:53:17,548 - websocket - DEBUG - Sending ping
2025-11-19 20:53:38,702 - websocket - DEBUG - Sending ping
2025-11-19 20:53:41,553 - websocket - DEBUG - Sending ping
2025-11-19 20:54:02,705 - websocket - DEBUG - Sending ping
2025-11-19 20:54:05,577 - websocket - DEBUG - Sending ping
2025-11-19 20:54:26,724 - websocket - DEBUG - Sending ping
2025-11-19 20:54:29,581 - websocket - DEBUG - Sending ping
2025-11-19 20:54:50,738 - websocket - DEBUG - Sending ping
2025-11-19 20:54:53,595 - websocket - DEBUG - Sending ping
2025-11-19 20:55:14,747 - websocket - DEBUG - Sending ping
2025-11-19 20:55:17,597 - websocket - DEBUG - Sending ping
2025-11-19 20:55:38,751 - websocket - DEBUG - Sending ping
2025-11-19 20:55:41,598 - websocket - DEBUG - Sending ping
2025-11-19 20:56:02,756 - websocket - DEBUG - Sending ping
2025-11-19 20:56:05,605 - websocket - DEBUG - Sending ping
2025-11-19 20:56:26,760 - websocket - DEBUG - Sending ping
2025-11-19 20:56:29,619 - websocket - DEBUG - Sending ping
2025-11-19 20:56:50,767 - websocket - DEBUG - Sending ping
2025-11-19 20:56:53,628 - websocket - DEBUG - Sending ping
2025-11-19 20:57:14,770 - websocket - DEBUG - Sending ping
2025-11-19 20:57:17,633 - websocket - DEBUG - Sending ping
2025-11-19 20:57:38,782 - websocket - DEBUG - Sending ping
2025-11-19 20:57:41,642 - websocket - DEBUG - Sending ping
2025-11-19 20:58:02,799 - websocket - DEBUG - Sending ping
2025-11-19 20:58:05,658 - websocket - DEBUG - Sending ping
2025-11-19 20:58:26,815 - websocket - DEBUG - Sending ping
2025-11-19 20:58:29,666 - websocket - DEBUG - Sending ping
2025-11-19 20:58:50,829 - websocket - DEBUG - Sending ping
2025-11-19 20:58:53,673 - websocket - DEBUG - Sending ping
2025-11-19 20:59:14,831 - websocket - DEBUG - Sending ping
2025-11-19 20:59:17,680 - websocket - DEBUG - Sending ping
2025-11-19 20:59:38,847 - websocket - DEBUG - Sending ping
2025-11-19 20:59:41,705 - websocket - DEBUG - Sending ping
2025-11-19 21:00:02,851 - websocket - DEBUG - Sending ping
2025-11-19 21:00:05,719 - websocket - DEBUG - Sending ping
2025-11-19 21:00:26,866 - websocket - DEBUG - Sending ping
2025-11-19 21:00:29,722 - websocket - DEBUG - Sending ping
2025-11-19 21:00:50,879 - websocket - DEBUG - Sending ping
2025-11-19 21:00:53,726 - websocket - DEBUG - Sending ping
2025-11-19 21:01:14,881 - websocket - DEBUG - Sending ping
2025-11-19 21:01:17,732 - websocket - DEBUG - Sending ping
2025-11-19 21:01:38,896 - websocket - DEBUG - Sending ping
2025-11-19 21:01:41,738 - websocket - DEBUG - Sending ping
2025-11-19 21:02:02,906 - websocket - DEBUG - Sending ping
2025-11-19 21:02:05,745 - websocket - DEBUG - Sending ping
2025-11-19 21:02:26,912 - websocket - DEBUG - Sending ping
2025-11-19 21:02:29,750 - websocket - DEBUG - Sending ping
2025-11-19 21:02:50,926 - websocket - DEBUG - Sending ping
2025-11-19 21:02:53,761 - websocket - DEBUG - Sending ping
2025-11-19 21:03:14,931 - websocket - DEBUG - Sending ping
2025-11-19 21:03:17,780 - websocket - DEBUG - Sending ping
2025-11-19 21:03:38,940 - websocket - DEBUG - Sending ping
2025-11-19 21:03:41,794 - websocket - DEBUG - Sending ping
2025-11-19 21:04:02,953 - websocket - DEBUG - Sending ping
2025-11-19 21:04:05,795 - websocket - DEBUG - Sending ping
2025-11-19 21:04:26,958 - websocket - DEBUG - Sending ping
2025-11-19 21:04:29,801 - websocket - DEBUG - Sending ping
2025-11-19 21:04:50,970 - websocket - DEBUG - Sending ping
2025-11-19 21:04:53,831 - websocket - DEBUG - Sending ping
2025-11-19 21:05:14,972 - websocket - DEBUG - Sending ping
2025-11-19 21:05:17,850 - websocket - DEBUG - Sending ping
2025-11-19 21:05:39,004 - websocket - DEBUG - Sending ping
2025-11-19 21:05:41,857 - websocket - DEBUG - Sending ping
2025-11-19 21:06:03,018 - websocket - DEBUG - Sending ping
2025-11-19 21:06:05,865 - websocket - DEBUG - Sending ping
2025-11-19 21:06:27,057 - websocket - DEBUG - Sending ping
2025-11-19 21:06:29,874 - websocket - DEBUG - Sending ping
2025-11-19 21:06:51,069 - websocket - DEBUG - Sending ping
2025-11-19 21:06:53,877 - websocket - DEBUG - Sending ping
2025-11-19 21:07:15,074 - websocket - DEBUG - Sending ping
2025-11-19 21:07:17,885 - websocket - DEBUG - Sending ping
2025-11-19 21:07:39,087 - websocket - DEBUG - Sending ping
2025-11-19 21:07:41,890 - websocket - DEBUG - Sending ping
2025-11-19 21:08:03,089 - websocket - DEBUG - Sending ping
2025-11-19 21:08:05,903 - websocket - DEBUG - Sending ping
2025-11-19 21:08:27,105 - websocket - DEBUG - Sending ping
2025-11-19 21:08:29,909 - websocket - DEBUG - Sending ping
2025-11-19 21:08:51,118 - websocket - DEBUG - Sending ping
2025-11-19 21:08:53,936 - websocket - DEBUG - Sending ping
2025-11-19 21:09:15,126 - websocket - DEBUG - Sending ping
2025-11-19 21:09:17,942 - websocket - DEBUG - Sending ping
2025-11-19 21:09:39,128 - websocket - DEBUG - Sending ping
2025-11-19 21:09:41,955 - websocket - DEBUG - Sending ping
2025-11-19 21:10:03,136 - websocket - DEBUG - Sending ping
2025-11-19 21:10:05,957 - websocket - DEBUG - Sending ping
2025-11-19 21:10:27,150 - websocket - DEBUG - Sending ping
2025-11-19 21:10:29,968 - websocket - DEBUG - Sending ping
2025-11-19 21:10:51,156 - websocket - DEBUG - Sending ping
2025-11-19 21:10:53,978 - websocket - DEBUG - Sending ping
2025-11-19 21:11:15,158 - websocket - DEBUG - Sending ping
2025-11-19 21:11:17,983 - websocket - DEBUG - Sending ping
2025-11-19 21:11:39,168 - websocket - DEBUG - Sending ping
2025-11-19 21:11:41,995 - websocket - DEBUG - Sending ping
2025-11-19 21:12:03,186 - websocket - DEBUG - Sending ping
2025-11-19 21:12:06,002 - websocket - DEBUG - Sending ping
2025-11-19 21:12:27,201 - websocket - DEBUG - Sending ping
2025-11-19 21:12:30,003 - websocket - DEBUG - Sending ping
2025-11-19 21:12:51,216 - websocket - DEBUG - Sending ping
2025-11-19 21:12:54,016 - websocket - DEBUG - Sending ping
2025-11-19 21:13:15,217 - websocket - DEBUG - Sending ping
2025-11-19 21:13:18,020 - websocket - DEBUG - Sending ping
2025-11-19 21:13:39,219 - websocket - DEBUG - Sending ping
2025-11-19 21:13:42,034 - websocket - DEBUG - Sending ping
2025-11-19 21:14:03,232 - websocket - DEBUG - Sending ping
2025-11-19 21:14:06,049 - websocket - DEBUG - Sending ping
2025-11-19 21:14:27,248 - websocket - DEBUG - Sending ping
2025-11-19 21:14:30,049 - websocket - DEBUG - Sending ping
2025-11-19 21:14:51,255 - websocket - DEBUG - Sending ping
2025-11-19 21:14:54,055 - websocket - DEBUG - Sending ping
2025-11-19 21:15:15,259 - websocket - DEBUG - Sending ping
2025-11-19 21:15:18,060 - websocket - DEBUG - Sending ping
2025-11-19 21:15:39,263 - websocket - DEBUG - Sending ping
2025-11-19 21:15:42,062 - websocket - DEBUG - Sending ping
2025-11-19 23:39:02,337 - __main__ - INFO - Quotex client initialized successfully.
2025-11-19 23:39:14,051 - __main__ - INFO - Quotex client initialized successfully.
2025-11-19 23:39:17,085 - __main__ - INFO - Establishing connection...
2025-11-19 23:39:17,085 - __main__ - INFO - Attempting to connect to Quotex API...
2025-11-19 23:39:22,799 - websocket - INFO - Websocket connected
2025-11-19 23:39:22,864 - pyquotex.ws.client - INFO - Websocket client connected.
2025-11-19 23:39:25,897 - __main__ - INFO - Connected successfully: Websocket connected successfully!!!
2025-11-19 23:39:25,898 - __main__ - INFO - Getting account balance.
2025-11-19 23:39:25,925 - __main__ - INFO - Current balance: 10059.65
2025-11-19 23:39:28,409 - pyquotex.ws.client - INFO - Websocket connection closed.
